TN:
SF:src/server.ts
FN:12,(anonymous_8)
FN:12,(anonymous_9)
FN:21,(anonymous_10)
FNF:3
FNH:0
FNDA:0,(anonymous_8)
FNDA:0,(anonymous_9)
FNDA:0,(anonymous_10)
DA:1,0
DA:2,0
DA:3,0
DA:4,0
DA:6,0
DA:8,0
DA:9,0
DA:10,0
DA:12,0
DA:13,0
DA:15,0
DA:16,0
DA:19,0
DA:21,0
LF:14
LH:0
BRDA:8,0,0,0
BRDA:8,0,1,0
BRDA:9,1,0,0
BRDA:9,1,1,0
BRF:4
BRH:0
end_of_record
TN:
SF:src/helpers/anonymize-field.helper.ts
FN:3,(anonymous_0)
FNF:1
FNH:1
FNDA:15,(anonymous_0)
DA:1,5
DA:3,5
DA:7,15
DA:9,15
LF:4
LH:4
BRDA:5,0,0,13
BRDA:9,1,0,15
BRDA:9,1,1,0
BRF:3
BRH:2
end_of_record
TN:
SF:src/helpers/get-anonymised-user.helper.ts
FN:4,(anonymous_0)
FNF:1
FNH:1
FNDA:1,(anonymous_0)
DA:2,5
DA:4,5
DA:5,1
LF:3
LH:3
BRF:0
BRH:0
end_of_record
TN:
SF:src/helpers/index.ts
FN:1,(anonymous_0)
FN:2,(anonymous_1)
FN:3,(anonymous_2)
FNF:3
FNH:3
FNDA:5,(anonymous_0)
FNDA:15,(anonymous_1)
FNDA:1,(anonymous_2)
DA:1,10
DA:2,20
DA:3,6
LF:3
LH:3
BRF:0
BRH:0
end_of_record
TN:
SF:src/helpers/user-generator.helper.ts
FN:4,(anonymous_0)
FN:24,(anonymous_1)
FNF:2
FNH:2
FNDA:5,(anonymous_0)
FNDA:5,(anonymous_1)
DA:1,5
DA:4,5
DA:5,5
DA:6,5
DA:8,5
DA:24,5
DA:25,5
DA:27,5
LF:8
LH:8
BRDA:25,0,0,5
BRDA:25,0,1,3
BRDA:25,0,2,2
BRF:3
BRH:3
end_of_record
TN:
SF:src/jobs/index.ts
FN:1,(anonymous_0)
FN:2,(anonymous_1)
FNF:2
FNH:2
FNDA:1,(anonymous_0)
FNDA:1,(anonymous_1)
DA:1,3
DA:2,3
LF:2
LH:2
BRF:0
BRH:0
end_of_record
TN:
SF:src/jobs/init-on-user-change-listener.job.ts
FN:4,(anonymous_7)
FN:4,(anonymous_8)
FNF:2
FNH:2
FNDA:1,(anonymous_7)
FNDA:1,(anonymous_8)
DA:1,2
DA:2,2
DA:4,2
DA:5,1
LF:4
LH:4
BRF:0
BRH:0
end_of_record
TN:
SF:src/jobs/init-setting-users-loop.job.ts
FN:3,(anonymous_7)
FN:5,(anonymous_8)
FNF:2
FNH:2
FNDA:2,(anonymous_7)
FNDA:2,(anonymous_8)
DA:1,2
DA:3,2
DA:5,2
DA:6,2
DA:8,2
LF:5
LH:5
BRDA:4,0,0,2
BRF:1
BRH:1
end_of_record
TN:
SF:src/models/index.ts
FN:1,(anonymous_0)
FN:2,(anonymous_1)
FNF:2
FNH:1
FNDA:2,(anonymous_0)
FNDA:0,(anonymous_1)
DA:1,4
DA:2,2
LF:2
LH:2
BRF:0
BRH:0
end_of_record
TN:
SF:src/models/user-anonymized.model.ts
FNF:0
FNH:0
DA:1,2
DA:4,2
DA:6,2
DA:21,2
LF:4
LH:4
BRF:0
BRH:0
end_of_record
TN:
SF:src/models/users.model.ts
FNF:0
FNH:0
DA:1,2
DA:4,2
DA:6,2
DA:21,2
LF:4
LH:4
BRF:0
BRH:0
end_of_record
TN:
SF:src/services/index.ts
FN:1,(anonymous_1)
FNF:1
FNH:1
FNDA:10,(anonymous_1)
DA:1,13
LF:1
LH:1
BRF:0
BRH:0
end_of_record
TN:
SF:src/services/users/users.service.ts
FN:6,(anonymous_7)
FN:8,(anonymous_8)
FN:28,(anonymous_9)
FN:28,(anonymous_10)
FNF:4
FNH:4
FNDA:3,(anonymous_7)
FNDA:3,(anonymous_8)
FNDA:2,(anonymous_9)
FNDA:2,(anonymous_10)
DA:2,3
DA:3,3
DA:6,3
DA:8,3
DA:9,3
DA:10,2
DA:11,2
DA:13,2
DA:14,2
DA:15,2
DA:21,1
DA:23,1
DA:28,3
DA:29,2
DA:31,2
DA:32,2
DA:33,1
DA:35,1
DA:39,3
LF:19
LH:19
BRDA:9,0,0,2
BRDA:9,1,0,3
BRDA:9,1,1,1
BRDA:11,2,0,0
BRDA:23,3,0,0
BRDA:23,3,1,1
BRDA:23,4,0,1
BRDA:23,4,1,1
BRDA:35,5,0,0
BRDA:35,5,1,1
BRDA:35,6,0,1
BRDA:35,6,1,1
BRF:12
BRH:9
end_of_record
